<?xml version="1.0" encoding="UTF-8"?>
<!-- Generated by org.testng.reporters.JUnitXMLReporter -->
<testsuite hostname="DESKTOP-8ENFA42" failures="1" tests="16" name="Command line test" time="0.709" errors="0" timestamp="21 Oct 2022 16:13:49 GMT">
  <testcase classname="testing.core.ddt.DAOTest" name="testPrimeNumberChecker" time="0.002"/>
  <testcase classname="testing.core.ddt.DAOTest" name="testPrimeNumberChecker" time="0.001"/>
  <testcase classname="testing.core.ddt.DAOTest" name="testPrimeNumberChecker" time="0.0"/>
  <testcase classname="testing.core.ddt.DAOTest" name="testPrimeNumberChecker" time="0.0"/>
  <testcase classname="testing.core.ddt.DAOTest" name="testPrimeNumberChecker" time="0.0"/>
  <testcase classname="testng.core.tdd.cuongnvt.DDTTest" name="getUserUsernameTest" time="0.425"/>
  <testcase classname="repository.paper.PaperDAODDTTest" name="testGetPapersKeyword" time="0.035"/>
  <testcase classname="repository.paper.PaperDAODDTTest" name="testGetPapersKeyword" time="0.028"/>
  <testcase classname="repository.paper.PaperDAODDTTest" name="testGetPapersKeywordTopic" time="0.028"/>
  <testcase classname="repository.paper.PaperDAODDTTest" name="testGetPapersKeywordTopic" time="0.025"/>
  <testcase classname="repository.paper.PaperDAODDTTest" name="testGetPapersUsernameLastedModifiedDate" time="0.025"/>
  <testcase classname="repository.paper.PaperDAODDTTest" name="testGetPapersUsernameLastedModifiedDate" time="0.025"/>
  <testcase classname="repository.paper.PaperDAOTDDTest" name="testGetPapersUsernameLastedModifiedDate" time="0.025"/>
  <testcase classname="testng.core.tdd.cuongnvt.TDDTest" name="getUserUsernameTest" time="0.026"/>
  <testcase classname="testng.core.tdd.cuongnvt.TDDTest" name="getUsersTest" time="0.04">
    <failure type="com.microsoft.sqlserver.jdbc.SQLServerException" message="The column name email is not valid.">
      <![CDATA[com.microsoft.sqlserver.jdbc.SQLServerException: The column name email is not valid.
	at com.microsoft.sqlserver.jdbc.SQLServerException.makeFromDriverError(SQLServerException.java:206)
	at com.microsoft.sqlserver.jdbc.SQLServerResultSet.findColumn(SQLServerResultSet.java:686)
	at com.microsoft.sqlserver.jdbc.SQLServerResultSet.getString(SQLServerResultSet.java:2442)
	at Respiratory.User.UserDAO.getUsers(UserDAO.java:122)
	at testng.core.tdd.cuongnvt.TDDTest.getUsersTest(TDDTest.java:37)
... Removed 34 stack frames]]>
    </failure>
  </testcase> <!-- getUsersTest -->
  <testcase classname="testing.core.ddt.TestBean" name="testMethod" time="0.0"/>
</testsuite> <!-- Command line test -->
