<?xml version="1.0" encoding="UTF-8"?>
<!-- Generated by org.testng.reporters.JUnitXMLReporter -->
<testsuite hostname="DESKTOP-8ENFA42" failures="1" tests="2" name="Command line test" time="0.332" errors="0" timestamp="18 Oct 2022 11:00:43 GMT">
  <testcase classname="repository.paper.PaperDAOTest" name="testGetPapersKeyword" time="0.273"/>
  <testcase classname="repository.paper.PaperDAOTest" name="testGetPapersKeyword1" time="0.045">
    <failure type="java.lang.AssertionError" message="Lists differ at element [0]: Respiratory.Paper.PaperDTO@6483f5ae != Respiratory.Paper.PaperDTO@b9afc07 expected [Respiratory.Paper.PaperDTO@6483f5ae] but found [Respiratory.Paper.PaperDTO@b9afc07]">
      <![CDATA[java.lang.AssertionError: Lists differ at element [0]: Respiratory.Paper.PaperDTO@6483f5ae != Respiratory.Paper.PaperDTO@b9afc07 expected [Respiratory.Paper.PaperDTO@6483f5ae] but found [Respiratory.Paper.PaperDTO@b9afc07]
	at repository.paper.PaperDAOTest.testGetPapersKeyword1(PaperDAOTest.java:42)
... Removed 38 stack frames]]>
    </failure>
  </testcase> <!-- testGetPapersKeyword1 -->
</testsuite> <!-- Command line test -->
