<?xml version="1.0" encoding="UTF-8"?>
<testng-results total="6" passed="6" failed="0" skipped="0">
  <reporter-output>
  </reporter-output>
  <suite started-at="2022-10-19T14:00:36Z" name="repository.paper.PaperDAODDTTest" finished-at="2022-10-19T14:00:36Z" duration-ms="332">
    <groups>
    </groups>
    <test started-at="2022-10-19T14:00:36Z" name="Command line test" finished-at="2022-10-19T14:00:36Z" duration-ms="332">
      <class name="repository.paper.PaperDAODDTTest">
        <test-method signature="testGetPapersKeyword(java.lang.String, java.lang.String, java.util.List)[pri:0, instance:repository.paper.PaperDAODDTTest@4d3167f4]" started-at="2022-10-19T21:00:36Z" name="testGetPapersKeyword" data-provider="test2" finished-at="2022-10-19T21:00:36Z" duration-ms="251" status="PASS">
          <params>
            <param index="0">
              <value>
                <![CDATA[Florentino]]>
              </value>
            </param>
            <param index="1">
              <value>
                <![CDATA[A]]>
              </value>
            </param>
            <param index="2">
              <value is-null="true"/>
            </param>
          </params>
          <reporter-output>
          </reporter-output>
        </test-method> <!-- testGetPapersKeyword -->
        <test-method signature="testGetPapersKeyword(java.lang.String, java.lang.String, java.util.List)[pri:0, instance:repository.paper.PaperDAODDTTest@4d3167f4]" started-at="2022-10-19T21:00:36Z" name="testGetPapersKeyword" data-provider="test2" finished-at="2022-10-19T21:00:36Z" duration-ms="266" status="PASS">
          <params>
            <param index="0">
              <value>
                <![CDATA[starci]]>
              </value>
            </param>
            <param index="1">
              <value>
                <![CDATA[A]]>
              </value>
            </param>
            <param index="2">
              <value>
                <![CDATA[[ID=AR001, title=Florentino, picture=Image/Article/AR001.jpg, topic=Mathematics, description=yet, content=sos, createdDate=2022-01-11, modifiedDate=2023-01-11, username=starci, publishedStatus=Published, status=true, ID=AR002, title=Kahlii, picture=Image/Article/AR002.png, topic=Mathematics, description=yet, content=sos, createdDate=2023-01-11, modifiedDate=2033-01-11, username=starci, publishedStatus=Published, status=true, ID=AR003, title=Preyta, picture=Image/Article/AR003.jpg, topic=Mathematics, description=yet, content=sos, createdDate=2024-02-02, modifiedDate=2025-03-01, username=starci, publishedStatus=Published, status=true, ID=AR004, title=Zata, picture=Image/Article/AR004.jpg, topic=Mathematics, description=yet, content=sos, createdDate=2025-01-01, modifiedDate=2026-03-11, username=starci, publishedStatus=Published, status=true, ID=AR005, title=Tarra, picture=Image/Article/AR005.jpg, topic=Mathematics, description=yet, content=sos, createdDate=2022-01-01, modifiedDate=2022-01-01, username=starci, publishedStatus=Published, status=true, ID=AR006, title=Paine, picture=Image/Article/AR006.jpg, topic=Mathematics, description=yet, content=sos, createdDate=2022-02-02, modifiedDate=2022-02-02, username=starci, publishedStatus=Published, status=true, ID=AR007, title=Slimz, picture=Image/Article/AR007.jpg, topic=Mathematics, description=yet, content=sos, createdDate=2023-02-02, modifiedDate=2022-02-02, username=starci, publishedStatus=Published, status=true, ID=AR008, title=Ignis, picture=null, topic=Environment, description=yet, content=sos, createdDate=2055-02-02, modifiedDate=2025-02-01, username=starci, publishedStatus=Published, status=true, ID=AR009, title=Kirito, picture=null, topic=Environment, description=yet, content=sos, createdDate=2099-02-02, modifiedDate=2099-03-03, username=starci, publishedStatus=Published, status=true]]]>
              </value>
            </param>
          </params>
          <reporter-output>
          </reporter-output>
        </test-method> <!-- testGetPapersKeyword -->
        <test-method signature="testGetPapersKeywordTopic(java.lang.String, java.lang.String, java.lang.String, java.util.List)[pri:0, instance:repository.paper.PaperDAODDTTest@4d3167f4]" started-at="2022-10-19T21:00:36Z" name="testGetPapersKeywordTopic" data-provider="test3" finished-at="2022-10-19T21:00:36Z" duration-ms="25" status="PASS">
          <params>
            <param index="0">
              <value>
                <![CDATA[Florentino]]>
              </value>
            </param>
            <param index="1">
              <value>
                <![CDATA[A]]>
              </value>
            </param>
            <param index="2">
              <value>
                <![CDATA[]]>
              </value>
            </param>
            <param index="3">
              <value is-null="true"/>
            </param>
          </params>
          <reporter-output>
          </reporter-output>
        </test-method> <!-- testGetPapersKeywordTopic -->
        <test-method signature="testGetPapersKeywordTopic(java.lang.String, java.lang.String, java.lang.String, java.util.List)[pri:0, instance:repository.paper.PaperDAODDTTest@4d3167f4]" started-at="2022-10-19T21:00:36Z" name="testGetPapersKeywordTopic" data-provider="test3" finished-at="2022-10-19T21:00:36Z" duration-ms="25" status="PASS">
          <params>
            <param index="0">
              <value>
                <![CDATA[starci]]>
              </value>
            </param>
            <param index="1">
              <value>
                <![CDATA[A]]>
              </value>
            </param>
            <param index="2">
              <value>
                <![CDATA[Mathematics]]>
              </value>
            </param>
            <param index="3">
              <value>
                <![CDATA[[ID=AR001, title=Florentino, picture=Image/Article/AR001.jpg, topic=Mathematics, description=yet, content=sos, createdDate=2022-01-11, modifiedDate=2023-01-11, username=starci, publishedStatus=Published, status=true, ID=AR002, title=Kahlii, picture=Image/Article/AR002.png, topic=Mathematics, description=yet, content=sos, createdDate=2023-01-11, modifiedDate=2033-01-11, username=starci, publishedStatus=Published, status=true, ID=AR003, title=Preyta, picture=Image/Article/AR003.jpg, topic=Mathematics, description=yet, content=sos, createdDate=2024-02-02, modifiedDate=2025-03-01, username=starci, publishedStatus=Published, status=true, ID=AR004, title=Zata, picture=Image/Article/AR004.jpg, topic=Mathematics, description=yet, content=sos, createdDate=2025-01-01, modifiedDate=2026-03-11, username=starci, publishedStatus=Published, status=true, ID=AR005, title=Tarra, picture=Image/Article/AR005.jpg, topic=Mathematics, description=yet, content=sos, createdDate=2022-01-01, modifiedDate=2022-01-01, username=starci, publishedStatus=Published, status=true, ID=AR006, title=Paine, picture=Image/Article/AR006.jpg, topic=Mathematics, description=yet, content=sos, createdDate=2022-02-02, modifiedDate=2022-02-02, username=starci, publishedStatus=Published, status=true, ID=AR007, title=Slimz, picture=Image/Article/AR007.jpg, topic=Mathematics, description=yet, content=sos, createdDate=2023-02-02, modifiedDate=2022-02-02, username=starci, publishedStatus=Published, status=true]]]>
              </value>
            </param>
          </params>
          <reporter-output>
          </reporter-output>
        </test-method> <!-- testGetPapersKeywordTopic -->
        <test-method signature="testGetPapersUsernameLastedModifiedDate(java.lang.String, java.util.List)[pri:0, instance:repository.paper.PaperDAODDTTest@4d3167f4]" started-at="2022-10-19T21:00:36Z" name="testGetPapersUsernameLastedModifiedDate" data-provider="test1" finished-at="2022-10-19T21:00:36Z" duration-ms="24" status="PASS">
          <params>
            <param index="0">
              <value>
                <![CDATA[starci]]>
              </value>
            </param>
            <param index="1">
              <value>
                <![CDATA[[ID=AR009, title=Kirito, picture=null, topic=Environment, description=yet, content=sos, createdDate=2099-02-02, modifiedDate=2099-03-03, username=starci, publishedStatus=Published, status=true, ID=AR002, title=Kahlii, picture=Image/Article/AR002.png, topic=Mathematics, description=yet, content=sos, createdDate=2023-01-11, modifiedDate=2033-01-11, username=starci, publishedStatus=Published, status=true, ID=AR004, title=Zata, picture=Image/Article/AR004.jpg, topic=Mathematics, description=yet, content=sos, createdDate=2025-01-01, modifiedDate=2026-03-11, username=starci, publishedStatus=Published, status=true, ID=AR003, title=Preyta, picture=Image/Article/AR003.jpg, topic=Mathematics, description=yet, content=sos, createdDate=2024-02-02, modifiedDate=2025-03-01, username=starci, publishedStatus=Published, status=true, ID=AR008, title=Ignis, picture=null, topic=Environment, description=yet, content=sos, createdDate=2055-02-02, modifiedDate=2025-02-01, username=starci, publishedStatus=Published, status=true, ID=AR001, title=Florentino, picture=Image/Article/AR001.jpg, topic=Mathematics, description=yet, content=sos, createdDate=2022-01-11, modifiedDate=2023-01-11, username=starci, publishedStatus=Published, status=true, ID=AR006, title=Paine, picture=Image/Article/AR006.jpg, topic=Mathematics, description=yet, content=sos, createdDate=2022-02-02, modifiedDate=2022-02-02, username=starci, publishedStatus=Published, status=true, ID=AR007, title=Slimz, picture=Image/Article/AR007.jpg, topic=Mathematics, description=yet, content=sos, createdDate=2023-02-02, modifiedDate=2022-02-02, username=starci, publishedStatus=Published, status=true, ID=AR005, title=Tarra, picture=Image/Article/AR005.jpg, topic=Mathematics, description=yet, content=sos, createdDate=2022-01-01, modifiedDate=2022-01-01, username=starci, publishedStatus=Published, status=true]]]>
              </value>
            </param>
          </params>
          <reporter-output>
          </reporter-output>
        </test-method> <!-- testGetPapersUsernameLastedModifiedDate -->
        <test-method signature="testGetPapersUsernameLastedModifiedDate(java.lang.String, java.util.List)[pri:0, instance:repository.paper.PaperDAODDTTest@4d3167f4]" started-at="2022-10-19T21:00:36Z" name="testGetPapersUsernameLastedModifiedDate" data-provider="test1" finished-at="2022-10-19T21:00:36Z" duration-ms="22" status="PASS">
          <params>
            <param index="0">
              <value>
                <![CDATA[Florentino]]>
              </value>
            </param>
            <param index="1">
              <value is-null="true"/>
            </param>
          </params>
          <reporter-output>
          </reporter-output>
        </test-method> <!-- testGetPapersUsernameLastedModifiedDate -->
      </class> <!-- repository.paper.PaperDAODDTTest -->
    </test> <!-- Command line test -->
  </suite> <!-- repository.paper.PaperDAODDTTest -->
</testng-results>
