<?xml version="1.0" encoding="UTF-8"?>
<!-- Generated by org.testng.reporters.JUnitXMLReporter -->
<testsuite hostname="STARCI" name="Command line test" tests="2" failures="1" timestamp="17 Oct 2022 13:29:26 GMT" time="0.455" errors="0">
  <testcase name="getUserUsernameTest" time="0.426" classname="testng.core.tdd.cuongnvt.TDDTest"/>
  <testcase name="getUsersTest" time="0.02" classname="testng.core.tdd.cuongnvt.TDDTest">
    <failure type="com.microsoft.sqlserver.jdbc.SQLServerException" message="The column name email is not valid.">
      <![CDATA[com.microsoft.sqlserver.jdbc.SQLServerException: The column name email is not valid.
	at com.microsoft.sqlserver.jdbc.SQLServerException.makeFromDriverError(SQLServerException.java:206)
	at com.microsoft.sqlserver.jdbc.SQLServerResultSet.findColumn(SQLServerResultSet.java:686)
	at com.microsoft.sqlserver.jdbc.SQLServerResultSet.getString(SQLServerResultSet.java:2442)
	at Respiratory.User.UserDAO.getUsers(UserDAO.java:122)
	at testng.core.tdd.cuongnvt.TDDTest.getUsersTest(TDDTest.java:37)
... Removed 33 stack frames]]>
    </failure>
  </testcase> <!-- getUsersTest -->
</testsuite> <!-- Command line test -->
