<?xml version="1.0" encoding="UTF-8"?>
<!-- Generated by org.testng.reporters.JUnitXMLReporter -->
<testsuite hostname="DESKTOP-8ENFA42" failures="0" tests="6" name="Command line test" time="0.332" errors="0" timestamp="19 Oct 2022 14:00:36 GMT">
  <testcase classname="repository.paper.PaperDAODDTTest" name="testGetPapersKeyword" time="0.251"/>
  <testcase classname="repository.paper.PaperDAODDTTest" name="testGetPapersKeyword" time="0.266"/>
  <testcase classname="repository.paper.PaperDAODDTTest" name="testGetPapersKeywordTopic" time="0.025"/>
  <testcase classname="repository.paper.PaperDAODDTTest" name="testGetPapersKeywordTopic" time="0.025"/>
  <testcase classname="repository.paper.PaperDAODDTTest" name="testGetPapersUsernameLastedModifiedDate" time="0.022"/>
  <testcase classname="repository.paper.PaperDAODDTTest" name="testGetPapersUsernameLastedModifiedDate" time="0.024"/>
</testsuite> <!-- Command line test -->
