<?xml version="1.0" encoding="UTF-8"?>
<!-- Generated by org.testng.reporters.JUnitXMLReporter -->
<testsuite hostname="STARCI" name="Command line test" tests="1" failures="1" timestamp="17 Oct 2022 13:45:47 GMT" time="0.011" errors="0">
  <testcase name="getUserUsernameTest" time="0.004" classname="testng.core.tdd.cuongnvt.DDTTest">
    <failure type="org.testng.TestNGException" message="
The data provider is trying to pass 2 parameters but the method testng.core.tdd.cuongnvt.DDTTest#getUserUsernameTest takes 1">
      <![CDATA[org.testng.TestNGException: 
The data provider is trying to pass 2 parameters but the method testng.core.tdd.cuongnvt.DDTTest#getUserUsernameTest takes 1
... Removed 27 stack frames]]>
    </failure>
  </testcase> <!-- getUserUsernameTest -->
</testsuite> <!-- Command line test -->
