<?xml version="1.0" encoding="UTF-8"?>
<!-- Generated by org.testng.reporters.JUnitXMLReporter -->
<testsuite hostname="STARCI" name="Command line test" tests="5" failures="0" timestamp="17 Oct 2022 13:44:07 GMT" time="0.017" errors="0">
  <testcase name="testPrimeNumberChecker" time="0.002" classname="testing.core.ddt.DAOTest"/>
  <testcase name="testPrimeNumberChecker" time="0.0" classname="testing.core.ddt.DAOTest"/>
  <testcase name="testPrimeNumberChecker" time="0.0" classname="testing.core.ddt.DAOTest"/>
  <testcase name="testPrimeNumberChecker" time="0.0" classname="testing.core.ddt.DAOTest"/>
  <testcase name="testPrimeNumberChecker" time="0.0" classname="testing.core.ddt.DAOTest"/>
</testsuite> <!-- Command line test -->
